Arguments: 
  /root/.nvm/versions/node/v18.18.0/bin/node /root/.nvm/versions/node/v18.18.0/bin/yarn

PATH: 
  /root/.nvm/versions/node/v18.18.0/bin:/usr/local/sbin:/usr/local/bin:/usr/sbin:/usr/bin:/sbin:/bin:/usr/games:/usr/local/games:/mnt/c/Program Files/WindowsApps/CanonicalGroupLimited.Ubuntu_2204.2.33.0_x64__79rhkp1fndgsc:/mnt/c/Program Files (x86)/Common Files/Oracle/Java/javapath:/mnt/c/WINDOWS/system32:/mnt/c/WINDOWS:/mnt/c/WINDOWS/System32/Wbem:/mnt/c/WINDOWS/System32/WindowsPowerShell/v1.0/:/mnt/c/WINDOWS/System32/OpenSSH/:/mnt/c/Program Files/nodejs/:/mnt/c/Program Files/Git/cmd:/mnt/c/Users/olgao/AppData/Local/Microsoft/WindowsApps:/mnt/d/Microsoft VS Code/bin:/mnt/c/Users/olgao/AppData/Roaming/npm:/snap/bin

Yarn version: 
  1.22.19

Node version: 
  18.18.0

Platform: 
  linux x64

Trace: 
  Error: getaddrinfo EAI_AGAIN registry.yarnpkg.com
      at GetAddrInfoReqWrap.onlookup [as oncomplete] (node:dns:108:26)

npm manifest: 
  {
    "name": "static-site-08",
    "version": "0.1.0",
    "author": "Anna Komkova",
    "license": "false",
    "scripts": {
      "start": "webpack serve --open --config webpack.dev.js",
      "watch": "webpack --config webpack.dev.js",
      "build": "webpack --config webpack.prod.js"
    },
    "devDependencies": {
      "@babel/core": "^7.17.5",
      "@babel/plugin-proposal-class-properties": "^7.16.7",
      "@babel/preset-env": "^7.16.11",
      "@babel/preset-react": "^7.16.7",
      "autoprefixer": "^10.4.7",
      "babel-loader": "^8.2.3",
      "copy-webpack-plugin": "^11.0.0",
      "css-loader": "^5.2.4",
      "css-minimizer-webpack-plugin": "^2.0.0",
      "extract-loader": "^5.1.0",
      "file-loader": "^6.2.0",
      "html-loader": "^2.1.2",
      "html-webpack-partials-plugin": "^0.8.0",
      "html-webpack-plugin": "^5.3.1",
      "mini-css-extract-plugin": "^2.6.1",
      "postcss": "^8.4.14",
      "postcss-loader": "^7.0.0",
      "postcss-preset-env": "^7.7.0",
      "sass": "^1.32.12",
      "sass-loader": "^11.0.1",
      "webpack": "^5.33.2",
      "webpack-cli": "^4.6.0",
      "webpack-dev-server": "^4.11.0",
      "webpack-merge": "^5.7.3"
    }
  }

yarn manifest: 
  No manifest

Lockfile: 
  No lockfile
